Arguments: 
  /usr/local/bin/node /usr/share/yarn/bin/yarn.js add appolo-server-express express graphql reflect-metadata type-graphql

PATH: 
  /opt/node-v10.1.0-linux-x64/bin:/home/linuxbrew/.linuxbrew/bin:/home/linuxbrew/.linuxbrew/sbin:/home/linuxbrew/.linuxbrew/bin:/home/linuxbrew/.linuxbrew/sbin:/home/pancho/.local/bin:/usr/local/sbin:/usr/local/bin:/usr/sbin:/usr/bin:/sbin:/bin:/usr/games:/usr/local/games:/snap/bin

Yarn version: 
  1.12.3

Node version: 
  10.18.0

Platform: 
  linux x64

Trace: 
  Error: https://registry.npmjs.org/appolo-server-express: Not found
      at Request.params.callback [as _callback] (/usr/share/yarn/lib/cli.js:65894:18)
      at Request.self.callback (/usr/share/yarn/lib/cli.js:129018:22)
      at Request.emit (events.js:198:13)
      at Request.<anonymous> (/usr/share/yarn/lib/cli.js:129990:10)
      at Request.emit (events.js:198:13)
      at IncomingMessage.<anonymous> (/usr/share/yarn/lib/cli.js:129912:12)
      at Object.onceWrapper (events.js:286:20)
      at IncomingMessage.emit (events.js:203:15)
      at endReadableNT (_stream_readable.js:1143:12)
      at process._tickCallback (internal/process/next_tick.js:63:19)

npm manifest: 
  {
    "name": "type-graphql-server",
    "version": "1.0.0",
    "description": "",
    "main": "index.js",
    "scripts": {
      "test": "echo \"Error: no test specified\" && exit 1"
    },
    "keywords": [],
    "author": "",
    "license": "ISC"
  }

yarn manifest: 
  No manifest

Lockfile: 
  No lockfile
